<?xml version="1.0" encoding="UTF-8" ?>
<testsuite errors="4" failures="0" hostname="edita" name="cvut.fit.dpo.pr2.ArithmeticExpressionPrinterTest" tests="8" time="0.111" timestamp="2011-09-12T13:14:35">
  <properties>
[...]
</properties>
  <testcase classname="cvut.fit.dpo.pr2.ArithmeticExpressionPrinterTest" name="testPrintInOrder1" time="0.007" />
  <testcase classname="cvut.fit.dpo.pr2.ArithmeticExpressionPrinterTest" name="testPrintInOrder2" time="0.0" />
  <testcase classname="cvut.fit.dpo.pr2.ArithmeticExpressionPrinterTest" name="testPrintInOrder3" time="0.007">
    <error message="Don&apos;t know how to do it :(" type="java.lang.UnsupportedOperationException">java.lang.UnsupportedOperationException: Don&apos;t know how to do it :(
	at cvut.fit.dpo.pr2.ArithmeticExpressionCreator.createExpressionFromRPN(ArithmeticExpressionCreator.java:72)
	at cvut.fit.dpo.pr2.ArithmeticExpressionPrinterTest.testPrintInOrder3(ArithmeticExpressionPrinterTest.java:36)
</error>
  </testcase>
  <testcase classname="cvut.fit.dpo.pr2.ArithmeticExpressionPrinterTest" name="testPrintInOrder4" time="0.001">
    <error message="Don&apos;t know how to do it :(" type="java.lang.UnsupportedOperationException">java.lang.UnsupportedOperationException: Don&apos;t know how to do it :(
	at cvut.fit.dpo.pr2.ArithmeticExpressionCreator.createExpressionFromRPN(ArithmeticExpressionCreator.java:72)
	at cvut.fit.dpo.pr2.ArithmeticExpressionPrinterTest.testPrintInOrder4(ArithmeticExpressionPrinterTest.java:46)
</error>
  </testcase>
  <testcase classname="cvut.fit.dpo.pr2.ArithmeticExpressionPrinterTest" name="testPrintPostOrder1" time="0.0" />
  <testcase classname="cvut.fit.dpo.pr2.ArithmeticExpressionPrinterTest" name="testPrintPostOrder2" time="0.0" />
  <testcase classname="cvut.fit.dpo.pr2.ArithmeticExpressionPrinterTest" name="testPrintPostOrder3" time="0.002">
    <error message="Don&apos;t know how to do it :(" type="java.lang.UnsupportedOperationException">java.lang.UnsupportedOperationException: Don&apos;t know how to do it :(
	at cvut.fit.dpo.pr2.ArithmeticExpressionCreator.createExpressionFromRPN(ArithmeticExpressionCreator.java:72)
	at cvut.fit.dpo.pr2.ArithmeticExpressionPrinterTest.testPrintPostOrder3(ArithmeticExpressionPrinterTest.java:76)
</error>
  </testcase>
  <testcase classname="cvut.fit.dpo.pr2.ArithmeticExpressionPrinterTest" name="testPrintPostOrder4" time="0.001">
    <error message="Don&apos;t know how to do it :(" type="java.lang.UnsupportedOperationException">java.lang.UnsupportedOperationException: Don&apos;t know how to do it :(
	at cvut.fit.dpo.pr2.ArithmeticExpressionCreator.createExpressionFromRPN(ArithmeticExpressionCreator.java:72)
	at cvut.fit.dpo.pr2.ArithmeticExpressionPrinterTest.testPrintPostOrder4(ArithmeticExpressionPrinterTest.java:86)
</error>
  </testcase>
  <system-out><![CDATA[]]></system-out>
  <system-err><![CDATA[]]></system-err>
</testsuite>
